<?xml version="1.0" encoding="UTF-8"?>
<testng-results skipped="0" failed="1" ignored="0" total="3" passed="2">
  <reporter-output>
  </reporter-output>
  <suite name="FreeCRM Applicatin automation testsuite" duration-ms="65636" started-at="2020-02-12T09:06:34Z" finished-at="2020-02-12T09:07:40Z">
    <groups>
    </groups>
    <test name="FreeCRM app test cases" duration-ms="65636" started-at="2020-02-12T09:06:34Z" finished-at="2020-02-12T09:07:40Z">
      <class name="com.qa.testcases.TestLoginpage">
        <test-method status="PASS" signature="setUp()[pri:0, instance:com.qa.testcases.TestLoginpage@4a67318f]" name="setUp" is-config="true" duration-ms="18924" started-at="2020-02-12T09:06:34Z" finished-at="2020-02-12T09:06:53Z">
          <reporter-output>
          </reporter-output>
        </test-method> <!-- setUp -->
        <test-method status="FAIL" signature="loginpagetitleTest()[pri:1, instance:com.qa.testcases.TestLoginpage@4a67318f]" name="loginpagetitleTest" duration-ms="95" started-at="2020-02-12T09:06:53Z" description="Verify login page title test" finished-at="2020-02-12T09:06:53Z">
          <exception class="java.lang.AssertionError">
            <message>
              <![CDATA[expected [CRMPRO123 - CRM software for customer relationship management, sales, and support.] but found [CRMPRO - CRM software for customer relationship management, sales, and support.]]]>
            </message>
            <full-stacktrace>
              <![CDATA[java.lang.AssertionError: expected [CRMPRO123 - CRM software for customer relationship management, sales, and support.] but found [CRMPRO - CRM software for customer relationship management, sales, and support.]
at org.testng.Assert.fail(Assert.java:96)
at org.testng.Assert.failNotEquals(Assert.java:776)
at org.testng.Assert.assertEqualsImpl(Assert.java:137)
at org.testng.Assert.assertEquals(Assert.java:118)
at org.testng.Assert.assertEquals(Assert.java:453)
at org.testng.Assert.assertEquals(Assert.java:463)
at com.qa.testcases.TestLoginpage.loginpagetitleTest(TestLoginpage.java:42)
at sun.reflect.NativeMethodAccessorImpl.invoke0(Native Method)
at sun.reflect.NativeMethodAccessorImpl.invoke(NativeMethodAccessorImpl.java:62)
at sun.reflect.DelegatingMethodAccessorImpl.invoke(DelegatingMethodAccessorImpl.java:43)
at java.lang.reflect.Method.invoke(Method.java:498)
at org.testng.internal.MethodInvocationHelper.invokeMethod(MethodInvocationHelper.java:124)
at org.testng.internal.Invoker.invokeMethod(Invoker.java:583)
at org.testng.internal.Invoker.invokeTestMethod(Invoker.java:719)
at org.testng.internal.Invoker.invokeTestMethods(Invoker.java:989)
at org.testng.internal.TestMethodWorker.invokeTestMethods(TestMethodWorker.java:125)
at org.testng.internal.TestMethodWorker.run(TestMethodWorker.java:109)
at org.testng.TestRunner.privateRun(TestRunner.java:648)
at org.testng.TestRunner.run(TestRunner.java:505)
at org.testng.SuiteRunner.runTest(SuiteRunner.java:455)
at org.testng.SuiteRunner.runSequentially(SuiteRunner.java:450)
at org.testng.SuiteRunner.privateRun(SuiteRunner.java:415)
at org.testng.SuiteRunner.run(SuiteRunner.java:364)
at org.testng.SuiteRunnerWorker.runSuite(SuiteRunnerWorker.java:52)
at org.testng.SuiteRunnerWorker.run(SuiteRunnerWorker.java:84)
at org.testng.TestNG.runSuitesSequentially(TestNG.java:1208)
at org.testng.TestNG.runSuitesLocally(TestNG.java:1137)
at org.testng.TestNG.runSuites(TestNG.java:1049)
at org.testng.TestNG.run(TestNG.java:1017)
at org.apache.maven.surefire.testng.TestNGExecutor.run(TestNGExecutor.java:281)
at org.apache.maven.surefire.testng.TestNGXmlTestSuite.execute(TestNGXmlTestSuite.java:75)
at org.apache.maven.surefire.testng.TestNGProvider.invoke(TestNGProvider.java:121)
at org.apache.maven.surefire.booter.ForkedBooter.invokeProviderInSameClassLoader(ForkedBooter.java:290)
at org.apache.maven.surefire.booter.ForkedBooter.runSuitesInProcess(ForkedBooter.java:242)
at org.apache.maven.surefire.booter.ForkedBooter.main(ForkedBooter.java:121)
]]>
            </full-stacktrace>
          </exception> <!-- java.lang.AssertionError -->
          <reporter-output>
          </reporter-output>
        </test-method> <!-- loginpagetitleTest -->
        <test-method status="PASS" signature="tearDown()[pri:0, instance:com.qa.testcases.TestLoginpage@4a67318f]" name="tearDown" is-config="true" duration-ms="652" started-at="2020-02-12T09:06:54Z" finished-at="2020-02-12T09:06:55Z">
          <reporter-output>
          </reporter-output>
        </test-method> <!-- tearDown -->
        <test-method status="PASS" signature="setUp()[pri:0, instance:com.qa.testcases.TestLoginpage@4a67318f]" name="setUp" is-config="true" duration-ms="16208" started-at="2020-02-12T09:06:55Z" finished-at="2020-02-12T09:07:11Z">
          <reporter-output>
          </reporter-output>
        </test-method> <!-- setUp -->
        <test-method status="PASS" signature="validatesignuplinkTest()[pri:2, instance:com.qa.testcases.TestLoginpage@4a67318f]" name="validatesignuplinkTest" duration-ms="112" started-at="2020-02-12T09:07:11Z" description="Verifying signup link test" finished-at="2020-02-12T09:07:11Z">
          <reporter-output>
          </reporter-output>
        </test-method> <!-- validatesignuplinkTest -->
        <test-method status="PASS" signature="tearDown()[pri:0, instance:com.qa.testcases.TestLoginpage@4a67318f]" name="tearDown" is-config="true" duration-ms="664" started-at="2020-02-12T09:07:11Z" finished-at="2020-02-12T09:07:12Z">
          <reporter-output>
          </reporter-output>
        </test-method> <!-- tearDown -->
        <test-method status="PASS" signature="setUp()[pri:0, instance:com.qa.testcases.TestLoginpage@4a67318f]" name="setUp" is-config="true" duration-ms="15722" started-at="2020-02-12T09:07:12Z" finished-at="2020-02-12T09:07:28Z">
          <reporter-output>
          </reporter-output>
        </test-method> <!-- setUp -->
        <test-method status="PASS" signature="validateloginfunctionalityTest()[pri:3, instance:com.qa.testcases.TestLoginpage@4a67318f]" name="validateloginfunctionalityTest" duration-ms="11093" started-at="2020-02-12T09:07:28Z" description="Verifying login functionality test" finished-at="2020-02-12T09:07:39Z">
          <reporter-output>
          </reporter-output>
        </test-method> <!-- validateloginfunctionalityTest -->
        <test-method status="PASS" signature="tearDown()[pri:0, instance:com.qa.testcases.TestLoginpage@4a67318f]" name="tearDown" is-config="true" duration-ms="814" started-at="2020-02-12T09:07:39Z" finished-at="2020-02-12T09:07:40Z">
          <reporter-output>
          </reporter-output>
        </test-method> <!-- tearDown -->
      </class> <!-- com.qa.testcases.TestLoginpage -->
    </test> <!-- FreeCRM app test cases -->
  </suite> <!-- FreeCRM Applicatin automation testsuite -->
</testng-results>
